<?xml version="1.0" encoding="UTF-8"?>
<!-- Generated by org.testng.reporters.JUnitXMLReporter -->
<testsuite ignored="0" hostname="DESKTOP-UAETRNU" failures="0" tests="3" name="Default test" time="0.077" errors="0" timestamp="2024-10-06T17:29:07 IST">
  <testcase classname="seleniumwebdriver.basic.DataProvider1" name="testLogin" time="0.012"/>
  <testcase classname="seleniumwebdriver.basic.DataProvider1" name="testLogin" time="0.002"/>
  <testcase classname="seleniumwebdriver.basic.DataProvider1" name="testLogin" time="0.001"/>
</testsuite> <!-- Default test -->
