<?xml version="1.0" encoding="UTF-8"?>
<!-- Generated by org.testng.reporters.JUnitXMLReporter -->
<testsuite ignored="0" hostname="DESKTOP-UAETRNU" failures="0" tests="6" name="Default test" time="0.834" errors="0" timestamp="2024-10-06T18:11:20 IST">
  <testcase classname="seleniumwebdriver.basic.DataProviderWithExcel2" name="testLogin" time="0.009"/>
  <testcase classname="seleniumwebdriver.basic.DataProviderWithExcel2" name="testLogin" time="0.005"/>
  <testcase classname="seleniumwebdriver.basic.DataProviderWithExcel2" name="testLogin" time="0.004"/>
  <testcase classname="seleniumwebdriver.basic.DataProviderWithExcel2" name="testLogin" time="0.002"/>
  <testcase classname="seleniumwebdriver.basic.DataProviderWithExcel2" name="testLogin" time="0.002"/>
  <testcase classname="seleniumwebdriver.basic.DataProviderWithExcel2" name="testLogin" time="0.005"/>
</testsuite> <!-- Default test -->
