<?xml version="1.0" encoding="UTF-8"?>
<testng-results ignored="0" total="6" passed="6" failed="0" skipped="0">
  <reporter-output>
  </reporter-output>
  <suite started-at="2024-10-06T18:11:19 IST" name="Default suite" finished-at="2024-10-06T18:11:20 IST" duration-ms="834">
    <groups>
    </groups>
    <test started-at="2024-10-06T18:11:19 IST" name="Default test" finished-at="2024-10-06T18:11:20 IST" duration-ms="834">
      <class name="seleniumwebdriver.basic.DataProviderWithExcel2">
        <test-method signature="testLogin(java.lang.String,java.lang.String,java.lang.String)[pri:0, instance:seleniumwebdriver.basic.DataProviderWithExcel2@397fbdb]" started-at="2024-10-06T18:11:20 IST" name="testLogin" data-provider="loginData" finished-at="2024-10-06T18:11:20 IST" duration-ms="9" status="PASS">
          <params>
            <param index="0">
              <value>
                <![CDATA[field1]]>
              </value>
            </param>
            <param index="1">
              <value>
                <![CDATA[anotherfield1]]>
              </value>
            </param>
            <param index="2">
              <value>
                <![CDATA[thirdfield1]]>
              </value>
            </param>
          </params>
          <reporter-output>
          </reporter-output>
        </test-method> <!-- testLogin -->
        <test-method signature="testLogin(java.lang.String,java.lang.String,java.lang.String)[pri:0, instance:seleniumwebdriver.basic.DataProviderWithExcel2@397fbdb]" started-at="2024-10-06T18:11:20 IST" name="testLogin" data-provider="loginData" finished-at="2024-10-06T18:11:20 IST" duration-ms="5" status="PASS">
          <params>
            <param index="0">
              <value>
                <![CDATA[field2]]>
              </value>
            </param>
            <param index="1">
              <value>
                <![CDATA[anotherfield2]]>
              </value>
            </param>
            <param index="2">
              <value>
                <![CDATA[thirdfield2]]>
              </value>
            </param>
          </params>
          <reporter-output>
          </reporter-output>
        </test-method> <!-- testLogin -->
        <test-method signature="testLogin(java.lang.String,java.lang.String,java.lang.String)[pri:0, instance:seleniumwebdriver.basic.DataProviderWithExcel2@397fbdb]" started-at="2024-10-06T18:11:20 IST" name="testLogin" data-provider="loginData" finished-at="2024-10-06T18:11:20 IST" duration-ms="4" status="PASS">
          <params>
            <param index="0">
              <value>
                <![CDATA[field3]]>
              </value>
            </param>
            <param index="1">
              <value>
                <![CDATA[anotherfield3]]>
              </value>
            </param>
            <param index="2">
              <value>
                <![CDATA[thirdfield3]]>
              </value>
            </param>
          </params>
          <reporter-output>
          </reporter-output>
        </test-method> <!-- testLogin -->
        <test-method signature="testLogin(java.lang.String,java.lang.String,java.lang.String)[pri:0, instance:seleniumwebdriver.basic.DataProviderWithExcel2@397fbdb]" started-at="2024-10-06T18:11:20 IST" name="testLogin" data-provider="loginData" finished-at="2024-10-06T18:11:20 IST" duration-ms="2" status="PASS">
          <params>
            <param index="0">
              <value>
                <![CDATA[field4]]>
              </value>
            </param>
            <param index="1">
              <value>
                <![CDATA[anotherfield4]]>
              </value>
            </param>
            <param index="2">
              <value>
                <![CDATA[thirdfield4]]>
              </value>
            </param>
          </params>
          <reporter-output>
          </reporter-output>
        </test-method> <!-- testLogin -->
        <test-method signature="testLogin(java.lang.String,java.lang.String,java.lang.String)[pri:0, instance:seleniumwebdriver.basic.DataProviderWithExcel2@397fbdb]" started-at="2024-10-06T18:11:20 IST" name="testLogin" data-provider="loginData" finished-at="2024-10-06T18:11:20 IST" duration-ms="2" status="PASS">
          <params>
            <param index="0">
              <value>
                <![CDATA[field5]]>
              </value>
            </param>
            <param index="1">
              <value>
                <![CDATA[anotherfield5]]>
              </value>
            </param>
            <param index="2">
              <value>
                <![CDATA[thirdfield5]]>
              </value>
            </param>
          </params>
          <reporter-output>
          </reporter-output>
        </test-method> <!-- testLogin -->
        <test-method signature="testLogin(java.lang.String,java.lang.String,java.lang.String)[pri:0, instance:seleniumwebdriver.basic.DataProviderWithExcel2@397fbdb]" started-at="2024-10-06T18:11:20 IST" name="testLogin" data-provider="loginData" finished-at="2024-10-06T18:11:20 IST" duration-ms="5" status="PASS">
          <params>
            <param index="0">
              <value>
                <![CDATA[field6]]>
              </value>
            </param>
            <param index="1">
              <value>
                <![CDATA[anotherfield6]]>
              </value>
            </param>
            <param index="2">
              <value>
                <![CDATA[thirdfield6]]>
              </value>
            </param>
          </params>
          <reporter-output>
          </reporter-output>
        </test-method> <!-- testLogin -->
      </class> <!-- seleniumwebdriver.basic.DataProviderWithExcel2 -->
    </test> <!-- Default test -->
  </suite> <!-- Default suite -->
</testng-results>
