<?xml version="1.0" encoding="UTF-8"?>
<testng-results ignored="0" total="3" passed="3" failed="0" skipped="0">
  <reporter-output>
  </reporter-output>
  <suite started-at="2024-10-06T17:29:07 IST" name="Default suite" finished-at="2024-10-06T17:29:07 IST" duration-ms="77">
    <groups>
    </groups>
    <test started-at="2024-10-06T17:29:07 IST" name="Default test" finished-at="2024-10-06T17:29:07 IST" duration-ms="77">
      <class name="seleniumwebdriver.basic.DataProvider1">
        <test-method signature="testLogin(java.lang.String,java.lang.String)[pri:0, instance:seleniumwebdriver.basic.DataProvider1@3e694b3f]" started-at="2024-10-06T17:29:07 IST" name="testLogin" data-provider="loginData" finished-at="2024-10-06T17:29:07 IST" duration-ms="12" status="PASS">
          <params>
            <param index="0">
              <value>
                <![CDATA[user1]]>
              </value>
            </param>
            <param index="1">
              <value>
                <![CDATA[pass1]]>
              </value>
            </param>
          </params>
          <reporter-output>
          </reporter-output>
        </test-method> <!-- testLogin -->
        <test-method signature="testLogin(java.lang.String,java.lang.String)[pri:0, instance:seleniumwebdriver.basic.DataProvider1@3e694b3f]" started-at="2024-10-06T17:29:07 IST" name="testLogin" data-provider="loginData" finished-at="2024-10-06T17:29:07 IST" duration-ms="2" status="PASS">
          <params>
            <param index="0">
              <value>
                <![CDATA[user2]]>
              </value>
            </param>
            <param index="1">
              <value>
                <![CDATA[pass2]]>
              </value>
            </param>
          </params>
          <reporter-output>
          </reporter-output>
        </test-method> <!-- testLogin -->
        <test-method signature="testLogin(java.lang.String,java.lang.String)[pri:0, instance:seleniumwebdriver.basic.DataProvider1@3e694b3f]" started-at="2024-10-06T17:29:07 IST" name="testLogin" data-provider="loginData" finished-at="2024-10-06T17:29:07 IST" duration-ms="1" status="PASS">
          <params>
            <param index="0">
              <value>
                <![CDATA[user3]]>
              </value>
            </param>
            <param index="1">
              <value>
                <![CDATA[pass3]]>
              </value>
            </param>
          </params>
          <reporter-output>
          </reporter-output>
        </test-method> <!-- testLogin -->
      </class> <!-- seleniumwebdriver.basic.DataProvider1 -->
    </test> <!-- Default test -->
  </suite> <!-- Default suite -->
</testng-results>
